* This is the StructMobWeight report file that is output every time the server starts.
* 
* Spawn Balance Utility (SBU) will use this file ONLY if it is renamed to StructMobWeight.csv.
* Lines starting with '*' are comments and ignored
* It allows you to add and remove mobs and adjust their spawnweights for Structures
* like shipwrecks, nether fortresses, water monuments, etc.
* 
1, minecraft:ancient_city, HEADING, header:ignore, 0, 0, 0
2, sapwood:arbory_ruins, HEADING, header:ignore, 0, 0, 0
3, minecraft:bastion_remnant, HEADING, header:ignore, 0, 0, 0
4, abridged:bridge, HEADING, header:ignore, 0, 0, 0
5, minecraft:buried_treasure, HEADING, header:ignore, 0, 0, 0
6, minecraft:desert_pyramid, HEADING, header:ignore, 0, 0, 0
7, minecraft:end_city, HEADING, header:ignore, 0, 0, 0
8, illagerinvasion:firecaller_hut, HEADING, header:ignore, 0, 0, 0
9, minecraft:fortress, HEADING, header:ignore, 0, 0, 0
10, minecraft:fortress, MONSTER, minecraft:blaze, 10, 2, 3
11, minecraft:fortress, MONSTER, minecraft:zombified_piglin, 5, 4, 4
12, minecraft:fortress, MONSTER, minecraft:wither_skeleton, 8, 5, 5
13, minecraft:fortress, MONSTER, minecraft:skeleton, 2, 5, 5
14, minecraft:fortress, MONSTER, minecraft:magma_cube, 3, 4, 4
15, minecraft:igloo, HEADING, header:ignore, 0, 0, 0
16, illagerinvasion:illager_fort, HEADING, header:ignore, 0, 0, 0
17, illagerinvasion:illager_fort, MONSTER, minecraft:pillager, 3, 1, 1
18, illagerinvasion:illager_fort, MONSTER, illagerinvasion:marauder, 3, 1, 1
19, illagerinvasion:illager_fort, MONSTER, illagerinvasion:basher, 1, 1, 1
20, illagerinvasion:illager_fort, MONSTER, illagerinvasion:provoker, 3, 1, 1
21, illagerinvasion:illusioner_tower, HEADING, header:ignore, 0, 0, 0
22, minecraft:jungle_pyramid, HEADING, header:ignore, 0, 0, 0
23, illagerinvasion:labyrinth, HEADING, header:ignore, 0, 0, 0
24, minecraft:mansion, HEADING, header:ignore, 0, 0, 0
25, minecraft:mineshaft, HEADING, header:ignore, 0, 0, 0
26, minecraft:mineshaft_mesa, HEADING, header:ignore, 0, 0, 0
27, minecraft:monument, HEADING, header:ignore, 0, 0, 0
28, minecraft:monument, MONSTER, minecraft:guardian, 1, 2, 4
29, minecraft:nether_fossil, HEADING, header:ignore, 0, 0, 0
30, minecraft:ocean_ruin_cold, HEADING, header:ignore, 0, 0, 0
31, minecraft:ocean_ruin_warm, HEADING, header:ignore, 0, 0, 0
32, minecraft:pillager_outpost, HEADING, header:ignore, 0, 0, 0
33, minecraft:pillager_outpost, MONSTER, minecraft:pillager, 1, 1, 1
34, blocky_siege:pillager_ship, HEADING, header:ignore, 0, 0, 0
35, minecraft:ruined_portal, HEADING, header:ignore, 0, 0, 0
36, minecraft:ruined_portal_desert, HEADING, header:ignore, 0, 0, 0
37, minecraft:ruined_portal_jungle, HEADING, header:ignore, 0, 0, 0
38, minecraft:ruined_portal_mountain, HEADING, header:ignore, 0, 0, 0
39, minecraft:ruined_portal_nether, HEADING, header:ignore, 0, 0, 0
40, minecraft:ruined_portal_ocean, HEADING, header:ignore, 0, 0, 0
41, minecraft:ruined_portal_swamp, HEADING, header:ignore, 0, 0, 0
42, minecraft:shipwreck, HEADING, header:ignore, 0, 0, 0
43, minecraft:shipwreck_beached, HEADING, header:ignore, 0, 0, 0
44, illagerinvasion:sorcerer_hut, HEADING, header:ignore, 0, 0, 0
45, minecraft:stronghold, HEADING, header:ignore, 0, 0, 0
46, minecraft:swamp_hut, HEADING, header:ignore, 0, 0, 0
47, minecraft:swamp_hut, MONSTER, minecraft:witch, 1, 1, 1
48, minecraft:swamp_hut, CREATURE, minecraft:cat, 1, 1, 1
49, minecraft:trail_ruins, HEADING, header:ignore, 0, 0, 0
50, minecraft:village_desert, HEADING, header:ignore, 0, 0, 0
51, minecraft:village_plains, HEADING, header:ignore, 0, 0, 0
52, minecraft:village_savanna, HEADING, header:ignore, 0, 0, 0
53, minecraft:village_snowy, HEADING, header:ignore, 0, 0, 0
54, minecraft:village_taiga, HEADING, header:ignore, 0, 0, 0
