[11:12:14.037][INFO][CraftTweaker-EarlyInit]: CraftTweaker is running on a Minecraft 1.20.1 production client modded with platform Forge
[11:12:14.254][INFO][CraftTweaker-EarlyInit]: Successfully injected RecipeFS file system
[11:12:14.414][INFO][CraftTweaker-Plugins]: Successfully identified and loaded plugin crafttweaker:builtin
[11:12:14.417][INFO][CraftTweaker-Plugins]: Successfully identified and loaded plugin crafttweaker:builtin_forge
[11:12:14.420][INFO][CraftTweaker-Plugins]: Successfully identified and loaded plugin farmersdelight:crafttweaker_plugin
[11:12:15.775][INFO][CraftTweaker]: The following mods have explicit CraftTweaker support through the default plugin:
[11:12:15.777][INFO][CraftTweaker]: - 'angrymobs' at version '4.1.0'
[11:12:15.777][INFO][CraftTweaker]: - 'crafttweaker' at version '14.0.57'
[11:12:15.777][INFO][CraftTweaker]: - 'farmersdelight' at version '1.20.1-1.2.6'
[11:12:15.777][INFO][CraftTweaker]: - 'spoiled' at version '2.1.3'
[11:12:20.717][INFO][CraftTweaker-ZenCode]: Started loading scripts for loader 'initialize'
[11:12:21.546][INFO][CraftTweaker-ZenCode]: Compiling and executing scripts
[11:12:21.626][INFO][CraftTweaker-ZenCode]: Successfully initialized modules [crafttweaker, expansions]
[11:12:21.816][INFO][CraftTweaker-ZenCode]: Execution for loader 'initialize' completed successfully
[11:12:59.206][INFO][CraftTweaker-ZenCode]: Started loading scripts for loader 'tags'
[11:12:59.216][INFO][CraftTweaker-ZenCode]: Compiling and executing scripts
[11:12:59.235][INFO][CraftTweaker-ZenCode]: Successfully initialized modules [crafttweaker, expansions]
[11:12:59.240][INFO][CraftTweaker-ZenCode]: Execution for loader 'tags' completed successfully
[11:12:59.884][INFO][CraftTweaker]: CraftTweaker reload starting!
[11:12:59.886][INFO][CraftTweaker-ZenCode]: Started loading scripts for loader 'crafttweaker'
[11:12:59.897][INFO][CraftTweaker-ZenCode]: Compiling and executing scripts
[11:13:00.168][INFO][CraftTweaker-ZenCode]: Successfully initialized modules [mods, crafttweaker, expansions]
[11:13:00.169][INFO][CraftTweaker-ZenCode]: Loading file 'angry_mobs.zs' with priority 0
[11:13:00.182][INFO][AngryMobs]: Added naturalist:bear_melee_attack tweak for Entity naturalist:bear
[11:13:00.184][INFO][AngryMobs]: Added naturalist:bear_attack_nearest_minecraft tweak for Entity naturalist:bear
[11:13:00.184][INFO][AngryMobs]: Added naturalist:boar_attack_nearest_minecraft tweak for Entity naturalist:boar
[11:13:00.184][INFO][AngryMobs]: Added naturalist:boar_melee_attack tweak for Entity naturalist:boar
[11:13:00.184][INFO][CraftTweaker-ZenCode]: Execution for loader 'crafttweaker' completed successfully
[11:13:00.186][INFO][CraftTweaker]: CraftTweaker reload complete!
[11:13:00.187][INFO][CraftTweaker]: This reload was made possible by Jellycraft and more! Become a patron at https://patreon.com/jaredlll08?s=crtmod
[11:13:04.850][INFO][CraftTweaker-ZenCode]: Started loading scripts for loader 'tags'
[11:13:04.850][INFO][CraftTweaker-ZenCode]: Undoing previous actions
[11:13:04.861][INFO][CraftTweaker-ZenCode]: Compiling and executing scripts
[11:13:04.862][INFO][CraftTweaker-ZenCode]: Successfully initialized modules [crafttweaker, expansions]
[11:13:04.866][INFO][CraftTweaker-ZenCode]: Execution for loader 'tags' completed successfully
[11:13:05.509][INFO][CraftTweaker-ZenCode]: Started loading scripts for loader 'crafttweaker'
[11:13:05.509][INFO][CraftTweaker-ZenCode]: Undoing previous actions
[11:13:05.520][INFO][CraftTweaker-ZenCode]: Compiling and executing scripts
[11:13:05.585][INFO][CraftTweaker-ZenCode]: Successfully initialized modules [mods, crafttweaker, expansions]
[11:13:05.585][INFO][CraftTweaker-ZenCode]: Loading file 'angry_mobs.zs' with priority 0
[11:13:05.593][INFO][AngryMobs]: Added naturalist:bear_melee_attack tweak for Entity naturalist:bear
[11:13:05.594][INFO][AngryMobs]: Added naturalist:bear_attack_nearest_minecraft tweak for Entity naturalist:bear
[11:13:05.594][INFO][AngryMobs]: Added naturalist:boar_attack_nearest_minecraft tweak for Entity naturalist:boar
[11:13:05.594][INFO][AngryMobs]: Added naturalist:boar_melee_attack tweak for Entity naturalist:boar
[11:13:05.594][INFO][CraftTweaker-ZenCode]: Execution for loader 'crafttweaker' completed successfully
[11:13:05.595][INFO][CraftTweaker]: This reload was made possible by Jordan Pineo and more! Become a patron at https://patreon.com/jaredlll08?s=crtmod
[11:13:06.343][INFO][CraftTweaker-ZenCode]: Started loading scripts for loader 'tags'
[11:13:06.343][INFO][CraftTweaker-ZenCode]: Undoing previous actions
[11:13:06.356][INFO][CraftTweaker-ZenCode]: Compiling and executing scripts
[11:13:06.362][INFO][CraftTweaker-ZenCode]: Successfully initialized modules [crafttweaker, expansions]
[11:13:06.372][INFO][CraftTweaker-ZenCode]: Execution for loader 'tags' completed successfully
[11:13:06.685][INFO][CraftTweaker-ZenCode]: Started loading scripts for loader 'crafttweaker'
[11:13:06.686][INFO][CraftTweaker-ZenCode]: Undoing previous actions
[11:13:06.692][INFO][CraftTweaker-ZenCode]: Compiling and executing scripts
[11:13:06.723][INFO][CraftTweaker-ZenCode]: Successfully initialized modules [mods, crafttweaker, expansions]
[11:13:06.723][INFO][CraftTweaker-ZenCode]: Loading file 'angry_mobs.zs' with priority 0
[11:13:06.728][INFO][AngryMobs]: Added naturalist:bear_melee_attack tweak for Entity naturalist:bear
[11:13:06.728][INFO][AngryMobs]: Added naturalist:bear_attack_nearest_minecraft tweak for Entity naturalist:bear
[11:13:06.728][INFO][AngryMobs]: Added naturalist:boar_attack_nearest_minecraft tweak for Entity naturalist:boar
[11:13:06.728][INFO][AngryMobs]: Added naturalist:boar_melee_attack tweak for Entity naturalist:boar
[11:13:06.728][INFO][CraftTweaker-ZenCode]: Execution for loader 'crafttweaker' completed successfully
[11:13:06.729][INFO][CraftTweaker]: This reload was made possible by NickT and more! Become a patron at https://patreon.com/jaredlll08?s=crtmod
[11:13:18.460][INFO][CraftTweaker-ZenCode]: Started loading scripts for loader 'tags'
[11:13:18.460][INFO][CraftTweaker-ZenCode]: Undoing previous actions
[11:13:18.469][INFO][CraftTweaker-ZenCode]: Compiling and executing scripts
[11:13:18.472][INFO][CraftTweaker-ZenCode]: Successfully initialized modules [crafttweaker, expansions]
[11:13:18.476][INFO][CraftTweaker-ZenCode]: Execution for loader 'tags' completed successfully
[11:13:18.791][INFO][CraftTweaker]: CraftTweaker reload starting!
[11:13:18.792][INFO][CraftTweaker-ZenCode]: Started loading scripts for loader 'crafttweaker'
[11:13:18.792][INFO][CraftTweaker-ZenCode]: Undoing previous actions
[11:13:18.800][INFO][CraftTweaker-ZenCode]: Compiling and executing scripts
[11:13:18.859][INFO][CraftTweaker-ZenCode]: Successfully initialized modules [mods, crafttweaker, expansions]
[11:13:18.860][INFO][CraftTweaker-ZenCode]: Loading file 'angry_mobs.zs' with priority 0
[11:13:18.865][INFO][AngryMobs]: Added naturalist:bear_melee_attack tweak for Entity naturalist:bear
[11:13:18.865][INFO][AngryMobs]: Added naturalist:bear_attack_nearest_minecraft tweak for Entity naturalist:bear
[11:13:18.865][INFO][AngryMobs]: Added naturalist:boar_attack_nearest_minecraft tweak for Entity naturalist:boar
[11:13:18.865][INFO][AngryMobs]: Added naturalist:boar_melee_attack tweak for Entity naturalist:boar
[11:13:18.865][INFO][CraftTweaker-ZenCode]: Execution for loader 'crafttweaker' completed successfully
[11:13:18.866][INFO][CraftTweaker]: CraftTweaker reload complete!
[11:13:18.866][INFO][CraftTweaker]: This reload was made possible by Genryu and more! Become a patron at https://patreon.com/jaredlll08?s=crtmod
[11:34:55.001][INFO][CraftTweaker-ZenCode]: Started loading scripts for loader 'tags'
[11:34:55.002][INFO][CraftTweaker-ZenCode]: Undoing previous actions
[11:34:55.009][INFO][CraftTweaker-ZenCode]: Compiling and executing scripts
[11:34:55.010][INFO][CraftTweaker-ZenCode]: Successfully initialized modules [crafttweaker, expansions]
[11:34:55.012][INFO][CraftTweaker-ZenCode]: Execution for loader 'tags' completed successfully
[11:34:55.306][INFO][CraftTweaker-ZenCode]: Started loading scripts for loader 'crafttweaker'
[11:34:55.306][INFO][CraftTweaker-ZenCode]: Undoing previous actions
[11:34:55.311][INFO][CraftTweaker-ZenCode]: Compiling and executing scripts
[11:34:55.343][INFO][CraftTweaker-ZenCode]: Successfully initialized modules [mods, crafttweaker, expansions]
[11:34:55.343][INFO][CraftTweaker-ZenCode]: Loading file 'angry_mobs.zs' with priority 0
[11:34:55.347][INFO][AngryMobs]: Added naturalist:bear_melee_attack tweak for Entity naturalist:bear
[11:34:55.347][INFO][AngryMobs]: Added naturalist:bear_attack_nearest_minecraft tweak for Entity naturalist:bear
[11:34:55.347][INFO][AngryMobs]: Added naturalist:boar_attack_nearest_minecraft tweak for Entity naturalist:boar
[11:34:55.347][INFO][AngryMobs]: Added naturalist:boar_melee_attack tweak for Entity naturalist:boar
[11:34:55.347][INFO][CraftTweaker-ZenCode]: Execution for loader 'crafttweaker' completed successfully
[11:34:55.347][INFO][CraftTweaker]: This reload was made possible by Jonathan McManus and more! Become a patron at https://patreon.com/jaredlll08?s=crtmod
[11:34:55.801][INFO][CraftTweaker-ZenCode]: Started loading scripts for loader 'tags'
[11:34:55.801][INFO][CraftTweaker-ZenCode]: Undoing previous actions
[11:34:55.806][INFO][CraftTweaker-ZenCode]: Compiling and executing scripts
[11:34:55.807][INFO][CraftTweaker-ZenCode]: Successfully initialized modules [crafttweaker, expansions]
[11:34:55.810][INFO][CraftTweaker-ZenCode]: Execution for loader 'tags' completed successfully
[11:34:56.096][INFO][CraftTweaker-ZenCode]: Started loading scripts for loader 'crafttweaker'
[11:34:56.096][INFO][CraftTweaker-ZenCode]: Undoing previous actions
[11:34:56.101][INFO][CraftTweaker-ZenCode]: Compiling and executing scripts
[11:34:56.133][INFO][CraftTweaker-ZenCode]: Successfully initialized modules [mods, crafttweaker, expansions]
[11:34:56.133][INFO][CraftTweaker-ZenCode]: Loading file 'angry_mobs.zs' with priority 0
[11:34:56.139][INFO][AngryMobs]: Added naturalist:bear_melee_attack tweak for Entity naturalist:bear
[11:34:56.140][INFO][AngryMobs]: Added naturalist:bear_attack_nearest_minecraft tweak for Entity naturalist:bear
[11:34:56.140][INFO][AngryMobs]: Added naturalist:boar_attack_nearest_minecraft tweak for Entity naturalist:boar
[11:34:56.140][INFO][AngryMobs]: Added naturalist:boar_melee_attack tweak for Entity naturalist:boar
[11:34:56.140][INFO][CraftTweaker-ZenCode]: Execution for loader 'crafttweaker' completed successfully
[11:34:56.140][INFO][CraftTweaker]: This reload was made possible by Jordan Pineo and more! Become a patron at https://patreon.com/jaredlll08?s=crtmod
